{"/Users/pabloapausa/Downloads/github/CognativChallenge/App.tsx": {"path":"/Users/pabloapausa/Downloads/github/CognativChallenge/App.tsx","statementMap":{"0":{"start":{"line":11,"column":32},"end":{"line":11,"column":60}},"1":{"start":{"line":12,"column":2},"end":{"line":23,"column":4}}},"fnMap":{"0":{"name":"App","decl":{"start":{"line":10,"column":24},"end":{"line":10,"column":27}},"loc":{"start":{"line":10,"column":30},"end":{"line":24,"column":1}},"line":10}},"branchMap":{},"s":{"0":0,"1":0},"f":{"0":0},"b":{}}
,"/Users/pabloapausa/Downloads/github/CognativChallenge/index.ts": {"path":"/Users/pabloapausa/Downloads/github/CognativChallenge/index.ts","statementMap":{"0":{"start":{"line":8,"column":0},"end":{"line":8,"column":62}},"1":{"start":{"line":8,"column":57},"end":{"line":8,"column":60}}},"fnMap":{"0":{"name":"(anonymous_0)","decl":{"start":{"line":8,"column":51},"end":{"line":8,"column":52}},"loc":{"start":{"line":8,"column":57},"end":{"line":8,"column":60}},"line":8}},"branchMap":{},"s":{"0":0,"1":0},"f":{"0":0},"b":{}}
,"/Users/pabloapausa/Downloads/github/CognativChallenge/src/components/column/Column.tsx": {"path":"/Users/pabloapausa/Downloads/github/CognativChallenge/src/components/column/Column.tsx","statementMap":{"0":{"start":{"line":9,"column":30},"end":{"line":45,"column":1}},"1":{"start":{"line":10,"column":16},"end":{"line":10,"column":30}},"2":{"start":{"line":18,"column":6},"end":{"line":18,"column":10}},"3":{"start":{"line":19,"column":2},"end":{"line":44,"column":3}},"4":{"start":{"line":23,"column":23},"end":{"line":23,"column":66}}},"fnMap":{"0":{"name":"(anonymous_0)","decl":{"start":{"line":9,"column":30},"end":{"line":9,"column":31}},"loc":{"start":{"line":9,"column":73},"end":{"line":45,"column":1}},"line":9},"1":{"name":"(anonymous_1)","decl":{"start":{"line":23,"column":17},"end":{"line":23,"column":18}},"loc":{"start":{"line":23,"column":23},"end":{"line":23,"column":66}},"line":23}},"branchMap":{},"s":{"0":0,"1":0,"2":0,"3":0,"4":0},"f":{"0":0,"1":0},"b":{}}
,"/Users/pabloapausa/Downloads/github/CognativChallenge/src/components/recommended/Recommended.tsx": {"path":"/Users/pabloapausa/Downloads/github/CognativChallenge/src/components/recommended/Recommended.tsx","statementMap":{"0":{"start":{"line":10,"column":35},"end":{"line":32,"column":1}},"1":{"start":{"line":11,"column":26},"end":{"line":11,"column":62}},"2":{"start":{"line":12,"column":2},"end":{"line":31,"column":3}},"3":{"start":{"line":22,"column":10},"end":{"line":26,"column":29}},"4":{"start":{"line":22,"column":43},"end":{"line":22,"column":91}}},"fnMap":{"0":{"name":"(anonymous_0)","decl":{"start":{"line":10,"column":35},"end":{"line":10,"column":36}},"loc":{"start":{"line":10,"column":55},"end":{"line":32,"column":1}},"line":10},"1":{"name":"(anonymous_1)","decl":{"start":{"line":21,"column":29},"end":{"line":21,"column":30}},"loc":{"start":{"line":22,"column":10},"end":{"line":26,"column":29}},"line":22},"2":{"name":"(anonymous_2)","decl":{"start":{"line":22,"column":37},"end":{"line":22,"column":38}},"loc":{"start":{"line":22,"column":43},"end":{"line":22,"column":91}},"line":22}},"branchMap":{},"s":{"0":0,"1":0,"2":0,"3":0,"4":0},"f":{"0":0,"1":0,"2":0},"b":{}}
,"/Users/pabloapausa/Downloads/github/CognativChallenge/src/constants/placeholder.ts": {"path":"/Users/pabloapausa/Downloads/github/CognativChallenge/src/constants/placeholder.ts","statementMap":{},"fnMap":{},"branchMap":{},"s":{},"f":{},"b":{}}
,"/Users/pabloapausa/Downloads/github/CognativChallenge/src/recoil/detailsSelector.ts": {"path":"/Users/pabloapausa/Downloads/github/CognativChallenge/src/recoil/detailsSelector.ts","statementMap":{"0":{"start":{"line":6,"column":22},"end":{"line":13,"column":2}},"1":{"start":{"line":8,"column":19},"end":{"line":12,"column":3}},"2":{"start":{"line":9,"column":24},"end":{"line":9,"column":41}},"3":{"start":{"line":10,"column":19},"end":{"line":10,"column":85}},"4":{"start":{"line":10,"column":64},"end":{"line":10,"column":83}},"5":{"start":{"line":11,"column":4},"end":{"line":11,"column":18}}},"fnMap":{"0":{"name":"(anonymous_0)","decl":{"start":{"line":8,"column":7},"end":{"line":8,"column":8}},"loc":{"start":{"line":8,"column":19},"end":{"line":12,"column":3}},"line":8},"1":{"name":"(anonymous_1)","decl":{"start":{"line":8,"column":19},"end":{"line":8,"column":20}},"loc":{"start":{"line":8,"column":32},"end":{"line":12,"column":3}},"line":8},"2":{"name":"(anonymous_2)","decl":{"start":{"line":10,"column":36},"end":{"line":10,"column":37}},"loc":{"start":{"line":10,"column":64},"end":{"line":10,"column":83}},"line":10}},"branchMap":{},"s":{"0":0,"1":0,"2":0,"3":0,"4":0,"5":0},"f":{"0":0,"1":0,"2":0},"b":{}}
,"/Users/pabloapausa/Downloads/github/CognativChallenge/src/recoil/recipeSelector.ts": {"path":"/Users/pabloapausa/Downloads/github/CognativChallenge/src/recoil/recipeSelector.ts","statementMap":{"0":{"start":{"line":4,"column":21},"end":{"line":7,"column":2}},"1":{"start":{"line":6,"column":13},"end":{"line":6,"column":28}}},"fnMap":{"0":{"name":"(anonymous_0)","decl":{"start":{"line":6,"column":7},"end":{"line":6,"column":8}},"loc":{"start":{"line":6,"column":13},"end":{"line":6,"column":28}},"line":6}},"branchMap":{},"s":{"0":0,"1":0},"f":{"0":0},"b":{}}
,"/Users/pabloapausa/Downloads/github/CognativChallenge/src/recoil/recommendationSelector.ts": {"path":"/Users/pabloapausa/Downloads/github/CognativChallenge/src/recoil/recommendationSelector.ts","statementMap":{"0":{"start":{"line":4,"column":28},"end":{"line":7,"column":2}},"1":{"start":{"line":6,"column":13},"end":{"line":6,"column":36}}},"fnMap":{"0":{"name":"(anonymous_0)","decl":{"start":{"line":6,"column":7},"end":{"line":6,"column":8}},"loc":{"start":{"line":6,"column":13},"end":{"line":6,"column":36}},"line":6}},"branchMap":{},"s":{"0":0,"1":0},"f":{"0":0},"b":{}}
,"/Users/pabloapausa/Downloads/github/CognativChallenge/src/screens/details/Details.tsx": {"path":"/Users/pabloapausa/Downloads/github/CognativChallenge/src/screens/details/Details.tsx","statementMap":{"0":{"start":{"line":19,"column":17},"end":{"line":19,"column":54}},"1":{"start":{"line":20,"column":16},"end":{"line":20,"column":32}},"2":{"start":{"line":29,"column":6},"end":{"line":29,"column":12}},"3":{"start":{"line":31,"column":2},"end":{"line":66,"column":4}}},"fnMap":{"0":{"name":"Details","decl":{"start":{"line":18,"column":24},"end":{"line":18,"column":31}},"loc":{"start":{"line":18,"column":83},"end":{"line":67,"column":1}},"line":18}},"branchMap":{},"s":{"0":0,"1":0,"2":0,"3":0},"f":{"0":0},"b":{}}
,"/Users/pabloapausa/Downloads/github/CognativChallenge/src/screens/details/detailsStyles.ts": {"path":"/Users/pabloapausa/Downloads/github/CognativChallenge/src/screens/details/detailsStyles.ts","statementMap":{},"fnMap":{},"branchMap":{},"s":{},"f":{},"b":{}}
,"/Users/pabloapausa/Downloads/github/CognativChallenge/src/screens/home/Home.tsx": {"path":"/Users/pabloapausa/Downloads/github/CognativChallenge/src/screens/home/Home.tsx","statementMap":{"0":{"start":{"line":17,"column":28},"end":{"line":40,"column":1}},"1":{"start":{"line":18,"column":22},"end":{"line":18,"column":50}},"2":{"start":{"line":19,"column":28},"end":{"line":20,"column":42}},"3":{"start":{"line":20,"column":4},"end":{"line":20,"column":42}},"4":{"start":{"line":21,"column":23},"end":{"line":22,"column":50}},"5":{"start":{"line":22,"column":4},"end":{"line":22,"column":50}},"6":{"start":{"line":23,"column":2},"end":{"line":39,"column":4}},"7":{"start":{"line":33,"column":37},"end":{"line":33,"column":40}}},"fnMap":{"0":{"name":"(anonymous_0)","decl":{"start":{"line":17,"column":28},"end":{"line":17,"column":29}},"loc":{"start":{"line":17,"column":48},"end":{"line":40,"column":1}},"line":17},"1":{"name":"(anonymous_1)","decl":{"start":{"line":19,"column":28},"end":{"line":19,"column":29}},"loc":{"start":{"line":20,"column":4},"end":{"line":20,"column":42}},"line":20},"2":{"name":"(anonymous_2)","decl":{"start":{"line":21,"column":23},"end":{"line":21,"column":24}},"loc":{"start":{"line":22,"column":4},"end":{"line":22,"column":50}},"line":22},"3":{"name":"(anonymous_3)","decl":{"start":{"line":33,"column":24},"end":{"line":33,"column":25}},"loc":{"start":{"line":33,"column":37},"end":{"line":33,"column":40}},"line":33}},"branchMap":{},"s":{"0":0,"1":0,"2":0,"3":0,"4":0,"5":0,"6":0,"7":0},"f":{"0":0,"1":0,"2":0,"3":0},"b":{}}
,"/Users/pabloapausa/Downloads/github/CognativChallenge/src/screens/home/homeStyles.ts": {"path":"/Users/pabloapausa/Downloads/github/CognativChallenge/src/screens/home/homeStyles.ts","statementMap":{},"fnMap":{},"branchMap":{},"s":{},"f":{},"b":{}}
,"/Users/pabloapausa/Downloads/github/CognativChallenge/src/screens/loading/Loading.tsx": {"path":"/Users/pabloapausa/Downloads/github/CognativChallenge/src/screens/loading/Loading.tsx","statementMap":{"0":{"start":{"line":4,"column":16},"end":{"line":4,"column":42}},"1":{"start":{"line":4,"column":22},"end":{"line":4,"column":42}}},"fnMap":{"0":{"name":"(anonymous_0)","decl":{"start":{"line":4,"column":16},"end":{"line":4,"column":17}},"loc":{"start":{"line":4,"column":22},"end":{"line":4,"column":42}},"line":4}},"branchMap":{},"s":{"0":0,"1":0},"f":{"0":0},"b":{}}
,"/Users/pabloapausa/Downloads/github/CognativChallenge/src/services/recipeService.ts": {"path":"/Users/pabloapausa/Downloads/github/CognativChallenge/src/services/recipeService.ts","statementMap":{"0":{"start":{"line":4,"column":2},"end":{"line":7,"column":31}},"1":{"start":{"line":5,"column":30},"end":{"line":5,"column":90}},"2":{"start":{"line":6,"column":4},"end":{"line":6,"column":16}},"3":{"start":{"line":7,"column":18},"end":{"line":7,"column":30}}},"fnMap":{"0":{"name":"recipeService","decl":{"start":{"line":3,"column":15},"end":{"line":3,"column":28}},"loc":{"start":{"line":3,"column":31},"end":{"line":8,"column":1}},"line":3}},"branchMap":{},"s":{"0":0,"1":0,"2":0,"3":0},"f":{"0":0},"b":{}}
,"/Users/pabloapausa/Downloads/github/CognativChallenge/src/services/recommendationService.ts": {"path":"/Users/pabloapausa/Downloads/github/CognativChallenge/src/services/recommendationService.ts","statementMap":{"0":{"start":{"line":4,"column":2},"end":{"line":7,"column":31}},"1":{"start":{"line":5,"column":30},"end":{"line":5,"column":104}},"2":{"start":{"line":6,"column":4},"end":{"line":6,"column":16}},"3":{"start":{"line":7,"column":18},"end":{"line":7,"column":30}}},"fnMap":{"0":{"name":"recommendationService","decl":{"start":{"line":3,"column":15},"end":{"line":3,"column":36}},"loc":{"start":{"line":3,"column":39},"end":{"line":8,"column":1}},"line":3}},"branchMap":{},"s":{"0":0,"1":0,"2":0,"3":0},"f":{"0":0},"b":{}}
,"/Users/pabloapausa/Downloads/github/CognativChallenge/src/theme/AppStyles.js": {"path":"/Users/pabloapausa/Downloads/github/CognativChallenge/src/theme/AppStyles.js","statementMap":{"0":{"start":{"line":8,"column":18},"end":{"line":15,"column":1}}},"fnMap":{},"branchMap":{},"s":{"0":0},"f":{},"b":{}}
,"/Users/pabloapausa/Downloads/github/CognativChallenge/src/theme/Colors.js": {"path":"/Users/pabloapausa/Downloads/github/CognativChallenge/src/theme/Colors.js","statementMap":{"0":{"start":{"line":1,"column":15},"end":{"line":16,"column":1}}},"fnMap":{},"branchMap":{},"s":{"0":0},"f":{},"b":{}}
,"/Users/pabloapausa/Downloads/github/CognativChallenge/src/theme/Fonts.js": {"path":"/Users/pabloapausa/Downloads/github/CognativChallenge/src/theme/Fonts.js","statementMap":{"0":{"start":{"line":3,"column":15},"end":{"line":6,"column":1}},"1":{"start":{"line":8,"column":13},"end":{"line":16,"column":1}},"2":{"start":{"line":17,"column":14},"end":{"line":94,"column":1}}},"fnMap":{},"branchMap":{},"s":{"0":0,"1":0,"2":0},"f":{},"b":{}}
,"/Users/pabloapausa/Downloads/github/CognativChallenge/src/theme/Metrics.js": {"path":"/Users/pabloapausa/Downloads/github/CognativChallenge/src/theme/Metrics.js","statementMap":{"0":{"start":{"line":1,"column":16},"end":{"line":18,"column":1}}},"fnMap":{},"branchMap":{},"s":{"0":0},"f":{},"b":{}}
,"/Users/pabloapausa/Downloads/github/CognativChallenge/src/theme/index.js": {"path":"/Users/pabloapausa/Downloads/github/CognativChallenge/src/theme/index.js","statementMap":{},"fnMap":{},"branchMap":{},"s":{},"f":{},"b":{}}
,"/Users/pabloapausa/Downloads/github/CognativChallenge/src/types/interface.ts": {"path":"/Users/pabloapausa/Downloads/github/CognativChallenge/src/types/interface.ts","statementMap":{},"fnMap":{},"branchMap":{},"s":{},"f":{},"b":{}}
,"/Users/pabloapausa/Downloads/github/CognativChallenge/src/utils/imageUrl.ts": {"path":"/Users/pabloapausa/Downloads/github/CognativChallenge/src/utils/imageUrl.ts","statementMap":{"0":{"start":{"line":4,"column":17},"end":{"line":5,"column":41}},"1":{"start":{"line":5,"column":2},"end":{"line":5,"column":41}}},"fnMap":{"0":{"name":"(anonymous_0)","decl":{"start":{"line":4,"column":17},"end":{"line":4,"column":18}},"loc":{"start":{"line":5,"column":2},"end":{"line":5,"column":41}},"line":5}},"branchMap":{"0":{"loc":{"start":{"line":5,"column":2},"end":{"line":5,"column":41}},"type":"cond-expr","locations":[{"start":{"line":5,"column":17},"end":{"line":5,"column":27}},{"start":{"line":5,"column":30},"end":{"line":5,"column":41}}],"line":5}},"s":{"0":0,"1":0},"f":{"0":0},"b":{"0":[0,0]}}
}
